<?xml version="1.0" encoding="UTF-8"?>
<beans xmlns="http://www.springframework.org/schema/beans"
       xmlns:xsi="http://www.w3.org/2001/XMLSchema-instance"
       xmlns:context="http://www.springframework.org/schema/context"
       xsi:schemaLocation="http://www.springframework.org/schema/beans
                           http://www.springframework.org/schema/beans/spring-beans-3.0.xsd
                           http://www.springframework.org/schema/context
                           http://www.springframework.org/schema/context/spring-context-3.0.xsd
                           http://www.springframework.org/schema/beans
                           http://www.springframework.org/schema/beans/spring-beans-3.0.xsd">

    <!-- Enable auto scanning & annotation config -->
    <context:annotation-config/>
    <context:component-scan base-package="com.oneops.config"/>
    <context:component-scan base-package="com.oneops.antenna.cache"/>

    <bean id="propertyConfigurer"
          class="org.springframework.beans.factory.config.PropertyPlaceholderConfigurer">
        <property name="systemPropertiesModeName" value="SYSTEM_PROPERTIES_MODE_FALLBACK"/>
        <property name="searchSystemEnvironment" value="true"/>
    </bean>

    <bean id="gson" class="com.google.gson.Gson"/>

    <!--bean id="cmsCrypto" class="com.oneops.cms.crypto.CmsCryptoOpenSSLImpl" init-method="init" /-->
    <bean id="cmsCrypto" class="com.oneops.cms.crypto.CmsCryptoDES" init-method="init"/>

    <bean id="sbrService" class="com.oneops.antenna.subscriptions.SubscriberService"/>

    <bean id="snsSender" class="com.oneops.antenna.senders.aws.SNSService"/>

    <bean id="eSender" class="com.oneops.antenna.senders.aws.EmailService"/>

    <bean id="urlSender" class="com.oneops.antenna.senders.generic.HTTPMsgService"/>

    <bean id="xmppSender" class="com.oneops.antenna.senders.generic.LoggingMsgService"/>

    <bean id="defaultSystemSubscriber" class="com.oneops.antenna.domain.URLSubscriber">
        <property name="name" value="default"/>
        <property name="dispatchMethod" value="SYNC"/>
        <property name="userName" value="admin"/>
        <property name="url" value="${KLOOPZ_NOTIFY_URL:http://api:3000/notify}"/>
        <property name="password" value="${KLOOPZ_NOTIFY_PASS}"/>
        <property name="timeout" value="5000"/>
    </bean>

</beans>
